This file contains any messages produced by compilers while
running configure, to aid debugging if configure makes a mistake.

It was created by configure.wd, which was
generated by GNU Autoconf 2.69.  Invocation command line was

  $ ./configure.wd --enable-usb-support --disable-sriov-support

## --------- ##
## Platform. ##
## --------- ##

hostname = ScientificLinux
uname -m = x86_64
uname -r = 3.10.0-514.21.1.el7.x86_64
uname -s = Linux
uname -v = #1 SMP Thu May 25 12:04:35 CDT 2017

/usr/bin/uname -p = x86_64
/bin/uname -X     = unknown

/bin/arch              = x86_64
/usr/bin/arch -k       = unknown
/usr/convex/getsysinfo = unknown
/usr/bin/hostinfo      = unknown
/bin/machine           = unknown
/usr/bin/oslevel       = unknown
/bin/universe          = unknown

PATH: /opt/root60606simple/bin
PATH: /opt/Geant4/geant41003/bin
PATH: /usr/lib64/qt-3.3/bin
PATH: /home/wuhongyi/perl5/bin
PATH: /usr/local/bin
PATH: /usr/bin
PATH: /usr/local/sbin
PATH: /usr/sbin
PATH: /usr/local/bin
PATH: /usr/lib64/mpich/bin
PATH: /home/wuhongyi/babirl/bin/
PATH: /home/wuhongyi/.local/bin
PATH: /home/wuhongyi/bin


## ----------- ##
## Core tests. ##
## ----------- ##

configure.wd:1731: checking for cpu architecture
configure.wd:1734: result: x86_64
configure.wd:1740: checking for WinDriver root directory
configure.wd:1743: result: /home/wuhongyi/Pixie4e/WinDriver
configure.wd:1746: checking for linux kernel source
configure.wd:1773: result: found at /lib/modules/3.10.0-514.21.1.el7.x86_64/build
configure.wd:1785: checking for lib directory
configure.wd:1798: result: ln -sf $(ROOT_DIR)/lib/$(SHARED_OBJECT)_32.so /usr/lib/$(SHARED_OBJECT)_32.so; ln -sf $(ROOT_DIR)/lib/$(SHARED_OBJECT).so /usr/lib64/$(SHARED_OBJECT).so
configure.wd:1801: checking which directories to include
configure.wd:1818: result: -I/lib/modules/3.10.0-514.21.1.el7.x86_64/source/include
configure.wd:1822: checking for modules installation directory
configure.wd:1829: result: /lib/modules/3.10.0-514.21.1.el7.x86_64/kernel/drivers/misc
configure.wd:1832: checking output directory
configure.wd:1835: result: LINUX.3.10.0-514.21.1.el7.x86_64.x86_64
configure.wd:1848: checking for regparm kernel option
configure.wd:1866: result: 0
configure.wd:2057: creating ./config.status

## ---------------------- ##
## Running config.status. ##
## ---------------------- ##

This file was extended by config.status, which was
generated by GNU Autoconf 2.69.  Invocation command line was

  CONFIG_FILES    = 
  CONFIG_HEADERS  = 
  CONFIG_LINKS    = 
  CONFIG_COMMANDS = 
  $ ./config.status 

on ScientificLinux

config.status:725: creating makefile.wd.kbuild

## ---------------- ##
## Cache variables. ##
## ---------------- ##

ac_cv_env_build_alias_set=
ac_cv_env_build_alias_value=
ac_cv_env_host_alias_set=
ac_cv_env_host_alias_value=
ac_cv_env_target_alias_set=
ac_cv_env_target_alias_value=

## ----------------- ##
## Output variables. ##
## ----------------- ##

DEFS='-DPACKAGE_NAME=\"\" -DPACKAGE_TARNAME=\"\" -DPACKAGE_VERSION=\"\" -DPACKAGE_STRING=\"\" -DPACKAGE_BUGREPORT=\"\" -DPACKAGE_URL=\"\"'
DEV_CHANGE_PERMISSION_MSG='change the permissions of /dev/windrvr1281'
ECHO_C=''
ECHO_N='-n'
ECHO_T=''
EXTRA_CFLAGS='-fno-omit-frame-pointer -O2 -DLINUX -DWINDRIVER_KERNEL  -DLINUX_USB_SUPPORT -I/lib/modules/3.10.0-514.21.1.el7.x86_64/source/include -I/home/wuhongyi/Pixie4e/WinDriver/include -I/home/wuhongyi/Pixie4e/WinDriver '
KERNEL_DIR='/lib/modules/3.10.0-514.21.1.el7.x86_64/build'
LIBOBJS=''
LIBS=''
LINK_LIB='ln -sf $(ROOT_DIR)/lib/$(SHARED_OBJECT)_32.so /usr/lib/$(SHARED_OBJECT)_32.so; ln -sf $(ROOT_DIR)/lib/$(SHARED_OBJECT).so /usr/lib64/$(SHARED_OBJECT).so'
LINK_OBJ='windrvr_gcc_v3.a'
LTLIBOBJS=''
MODDIR='/lib/modules/3.10.0-514.21.1.el7.x86_64/kernel/drivers/misc'
MODULE_NAME='windrvr1281'
OD='LINUX.3.10.0-514.21.1.el7.x86_64.x86_64'
PACKAGE_BUGREPORT=''
PACKAGE_NAME=''
PACKAGE_STRING=''
PACKAGE_TARNAME=''
PACKAGE_URL=''
PACKAGE_VERSION=''
PATH_SEPARATOR=':'
ROOT_DIR='/home/wuhongyi/Pixie4e/WinDriver'
SHARED_OBJECT='libwdapi1281'
SHELL='/bin/sh'
USE_UDEV='no'
bindir='${exec_prefix}/bin'
build_alias=''
datadir='${datarootdir}'
datarootdir='${prefix}/share'
docdir='${datarootdir}/doc/${PACKAGE}'
dvidir='${docdir}'
exec_prefix='${prefix}'
host_alias=''
htmldir='${docdir}'
includedir='${prefix}/include'
infodir='${datarootdir}/info'
libdir='${exec_prefix}/lib'
libexecdir='${exec_prefix}/libexec'
localedir='${datarootdir}/locale'
localstatedir='${prefix}/var'
mandir='${datarootdir}/man'
oldincludedir='/usr/include'
pdfdir='${docdir}'
prefix='/usr/local'
program_transform_name='s,x,x,'
psdir='${docdir}'
runstatedir='${localstatedir}/run'
sbindir='${exec_prefix}/sbin'
sharedstatedir='${prefix}/com'
sysconfdir='${prefix}/etc'
target_alias=''

## ----------- ##
## confdefs.h. ##
## ----------- ##

/* confdefs.h */
#define PACKAGE_NAME ""
#define PACKAGE_TARNAME ""
#define PACKAGE_VERSION ""
#define PACKAGE_STRING ""
#define PACKAGE_BUGREPORT ""
#define PACKAGE_URL ""

configure.wd: exit 0
